{
  "RSpec": {
    "coverage": {
      "/Users/nicola/projects/practice_tech_tests/bank_tech_test/spec/account_spec.rb": {
        "lines": [
          null,
          null,
          1,
          1,
          null,
          1,
          1,
          10,
          null,
          null,
          null,
          null,
          1,
          10,
          null,
          11,
          11,
          1,
          10,
          null,
          1,
          10,
          null,
          null,
          null,
          null,
          null,
          null,
          1,
          1,
          1,
          1,
          null,
          null,
          null,
          1,
          1,
          1,
          null,
          null,
          null,
          1,
          1,
          1,
          null,
          null,
          null,
          1,
          1,
          1,
          1,
          null,
          null,
          null,
          1,
          1,
          1,
          null,
          null,
          null,
          1,
          1,
          1,
          null,
          null,
          null,
          1,
          1,
          1,
          null,
          1,
          null,
          null,
          1,
          1,
          null,
          1,
          null,
          null,
          1,
          1,
          null,
          1,
          null,
          null,
          1,
          1,
          null,
          1,
          null,
          null,
          null
        ]
      },
      "/Users/nicola/projects/practice_tech_tests/bank_tech_test/lib/account.rb": {
        "lines": [
          null,
          null,
          null,
          1,
          1,
          null,
          null,
          null,
          null,
          null,
          10,
          10,
          null,
          null,
          1,
          3,
          null,
          1,
          null,
          null,
          1,
          3,
          null,
          1,
          null,
          null,
          1,
          4,
          null,
          null,
          null,
          null,
          null,
          null,
          null,
          null
        ]
      },
      "/Users/nicola/projects/practice_tech_tests/bank_tech_test/lib/statement_formatter.rb": {
        "lines": [
          null,
          null,
          null,
          1,
          1,
          1,
          null,
          1,
          null,
          null,
          null,
          null,
          4,
          4,
          8,
          null,
          null,
          null,
          null,
          null,
          null,
          null,
          16,
          null,
          null,
          1,
          null,
          1,
          8,
          null,
          null,
          1,
          8,
          null,
          null,
          1,
          8,
          null,
          null,
          1,
          8,
          null,
          null,
          1,
          8,
          null,
          null,
          null,
          null,
          null,
          1,
          16,
          null,
          null
        ]
      },
      "/Users/nicola/projects/practice_tech_tests/bank_tech_test/spec/statement_formatter_spec.rb": {
        "lines": [
          null,
          null,
          1,
          null,
          1,
          5,
          null,
          4,
          1,
          3,
          null,
          null,
          1,
          2,
          null,
          1,
          1,
          1,
          null,
          null,
          null,
          null,
          null,
          null,
          null,
          1,
          1,
          null,
          1,
          null,
          null,
          null,
          1,
          null,
          1,
          null,
          null,
          null,
          1,
          1,
          1,
          null,
          null,
          null,
          null,
          null,
          null,
          null,
          1,
          1,
          1,
          null,
          null,
          null,
          null,
          null,
          null,
          null,
          null,
          1,
          1,
          null,
          1,
          null,
          null,
          null,
          null,
          1,
          1,
          1,
          null,
          null,
          null,
          null,
          null,
          null,
          null,
          null,
          null
        ]
      },
      "/Users/nicola/projects/practice_tech_tests/bank_tech_test/spec/transaction_log_spec.rb": {
        "lines": [
          null,
          null,
          1,
          null,
          1,
          7,
          7,
          1,
          6,
          null,
          null,
          1,
          5,
          3,
          null,
          1,
          1,
          1,
          1,
          null,
          1,
          1,
          null,
          null,
          1,
          1,
          null,
          4,
          1,
          null,
          null,
          null,
          null,
          null,
          null,
          null,
          1,
          1,
          1,
          null,
          1,
          1,
          null,
          null,
          1,
          1,
          null,
          null,
          1,
          null,
          null,
          null,
          null,
          null,
          null,
          null,
          1,
          1,
          1,
          1,
          1,
          null,
          1,
          null,
          null,
          null,
          null,
          null,
          null,
          null,
          null,
          null,
          1,
          2,
          1,
          1,
          null,
          2,
          1,
          1,
          null,
          null,
          1,
          1,
          null,
          1,
          1,
          null,
          null,
          1,
          1,
          null,
          null,
          null,
          null,
          null,
          1,
          null,
          null,
          null,
          null,
          null,
          null,
          1,
          1,
          1,
          1,
          null,
          1,
          null,
          null,
          null,
          null,
          null
        ]
      },
      "/Users/nicola/projects/practice_tech_tests/bank_tech_test/lib/transaction_log.rb": {
        "lines": [
          null,
          null,
          null,
          1,
          1,
          null,
          1,
          6,
          6,
          null,
          null,
          1,
          15,
          null,
          null,
          1,
          6,
          null,
          null,
          1,
          8,
          null,
          null,
          1,
          2,
          5,
          null,
          null,
          null,
          1,
          null,
          1,
          5,
          null,
          5,
          5,
          null,
          null
        ]
      }
    },
    "timestamp": 1632904393
  }
}
